09-Apr-2017 16:35:41.722 INFO [main] org.apache.catalina.startup.VersionLoggerListener.log Server version:        Apache Tomcat/8.5.13
09-Apr-2017 16:35:41.722 INFO [main] org.apache.catalina.startup.VersionLoggerListener.log Server built:          Mar 27 2017 14:25:04 UTC
09-Apr-2017 16:35:41.722 INFO [main] org.apache.catalina.startup.VersionLoggerListener.log Server number:         8.5.13.0
09-Apr-2017 16:35:41.722 INFO [main] org.apache.catalina.startup.VersionLoggerListener.log OS Name:               Windows 7
09-Apr-2017 16:35:41.722 INFO [main] org.apache.catalina.startup.VersionLoggerListener.log OS Version:            6.1
09-Apr-2017 16:35:41.722 INFO [main] org.apache.catalina.startup.VersionLoggerListener.log Architecture:          amd64
09-Apr-2017 16:35:41.722 INFO [main] org.apache.catalina.startup.VersionLoggerListener.log Java Home:             c:\Program Files\Java\jdk1.8.0_121\jre
09-Apr-2017 16:35:41.722 INFO [main] org.apache.catalina.startup.VersionLoggerListener.log JVM Version:           1.8.0_121-b13
09-Apr-2017 16:35:41.722 INFO [main] org.apache.catalina.startup.VersionLoggerListener.log JVM Vendor:            Oracle Corporation
09-Apr-2017 16:35:41.722 INFO [main] org.apache.catalina.startup.VersionLoggerListener.log CATALINA_BASE:         C:\Users\Work\IdeaProjects\BankJDBC\apache-tomcat-8.5.13
09-Apr-2017 16:35:41.738 INFO [main] org.apache.catalina.startup.VersionLoggerListener.log CATALINA_HOME:         C:\Users\Work\IdeaProjects\BankJDBC\apache-tomcat-8.5.13
09-Apr-2017 16:35:41.738 INFO [main] org.apache.catalina.startup.VersionLoggerListener.log Command line argument: -Djava.util.logging.config.file=c:\Users\Work\IdeaProjects\BankJDBC\apache-tomcat-8.5.13\conf\logging.properties
09-Apr-2017 16:35:41.738 INFO [main] org.apache.catalina.startup.VersionLoggerListener.log Command line argument: -Djava.util.logging.manager=org.apache.juli.ClassLoaderLogManager
09-Apr-2017 16:35:41.738 INFO [main] org.apache.catalina.startup.VersionLoggerListener.log Command line argument: -Djdk.tls.ephemeralDHKeySize=2048
09-Apr-2017 16:35:41.738 INFO [main] org.apache.catalina.startup.VersionLoggerListener.log Command line argument: -Djava.protocol.handler.pkgs=org.apache.catalina.webresources
09-Apr-2017 16:35:41.738 INFO [main] org.apache.catalina.startup.VersionLoggerListener.log Command line argument: -Dcatalina.base=c:\Users\Work\IdeaProjects\BankJDBC\apache-tomcat-8.5.13
09-Apr-2017 16:35:41.738 INFO [main] org.apache.catalina.startup.VersionLoggerListener.log Command line argument: -Dcatalina.home=c:\Users\Work\IdeaProjects\BankJDBC\apache-tomcat-8.5.13
09-Apr-2017 16:35:41.738 INFO [main] org.apache.catalina.startup.VersionLoggerListener.log Command line argument: -Djava.io.tmpdir=c:\Users\Work\IdeaProjects\BankJDBC\apache-tomcat-8.5.13\temp
09-Apr-2017 16:35:41.738 INFO [main] org.apache.catalina.core.AprLifecycleListener.lifecycleEvent The APR based Apache Tomcat Native library which allows optimal performance in production environments was not found on the java.library.path: c:\Program Files\Java\jdk1.8.0_121\bin;C:\Windows\Sun\Java\bin;C:\Windows\system32;C:\Windows;C:\ProgramData\Oracle\Java\javapath;C:\Program Files (x86)\Common Files\Microsoft Shared\Windows Live;C:\Program Files (x86)\PC Connectivity Solution\;C:\Windows\system32;C:\Windows;C:\Windows\System32\Wbem;C:\Windows\System32\WindowsPowerShell\v1.0\;C:\Program Files (x86)\QuickTime\QTSystem\;C:\Program Files (x86)\Skype\Phone\;C:\Program Files (x86)\NVIDIA Corporation\PhysX\Common;C:\Program Files\MySQL\MySQL Utilities 1.6\;C:\Program Files\Common Files\Microsoft Shared\Windows Live;.
09-Apr-2017 16:35:42.923 INFO [main] org.apache.coyote.AbstractProtocol.init Initializing ProtocolHandler ["http-nio-8080"]
09-Apr-2017 16:35:43.064 INFO [main] org.apache.tomcat.util.net.NioSelectorPool.getSharedSelector Using a shared selector for servlet write/read
09-Apr-2017 16:35:43.064 INFO [main] org.apache.coyote.AbstractProtocol.init Initializing ProtocolHandler ["ajp-nio-8009"]
09-Apr-2017 16:35:43.064 INFO [main] org.apache.tomcat.util.net.NioSelectorPool.getSharedSelector Using a shared selector for servlet write/read
09-Apr-2017 16:35:43.064 INFO [main] org.apache.catalina.startup.Catalina.load Initialization processed in 2357 ms
09-Apr-2017 16:35:43.126 INFO [main] org.apache.catalina.core.StandardService.startInternal Starting service Catalina
09-Apr-2017 16:35:43.126 INFO [main] org.apache.catalina.core.StandardEngine.startInternal Starting Servlet Engine: Apache Tomcat/8.5.13
09-Apr-2017 16:35:43.142 INFO [localhost-startStop-1] org.apache.catalina.startup.HostConfig.deployDirectory Deploying web application directory C:\Users\Work\IdeaProjects\BankJDBC\apache-tomcat-8.5.13\webapps\ROOT
09-Apr-2017 16:35:43.984 INFO [localhost-startStop-1] org.apache.catalina.startup.HostConfig.deployDirectory Deployment of web application directory C:\Users\Work\IdeaProjects\BankJDBC\apache-tomcat-8.5.13\webapps\ROOT has finished in 842 ms
09-Apr-2017 16:35:43.984 INFO [main] org.apache.coyote.AbstractProtocol.start Starting ProtocolHandler ["http-nio-8080"]
09-Apr-2017 16:35:44.000 INFO [main] org.apache.coyote.AbstractProtocol.start Starting ProtocolHandler ["ajp-nio-8009"]
09-Apr-2017 16:35:44.015 INFO [main] org.apache.catalina.startup.Catalina.start Server startup in 953 ms
