10-Apr-2017 11:13:15.723 INFO [main] org.apache.catalina.startup.VersionLoggerListener.log Server version:        Apache Tomcat/8.5.13
10-Apr-2017 11:13:15.737 INFO [main] org.apache.catalina.startup.VersionLoggerListener.log Server built:          Mar 27 2017 14:25:04 UTC
10-Apr-2017 11:13:15.737 INFO [main] org.apache.catalina.startup.VersionLoggerListener.log Server number:         8.5.13.0
10-Apr-2017 11:13:15.737 INFO [main] org.apache.catalina.startup.VersionLoggerListener.log OS Name:               Windows 7
10-Apr-2017 11:13:15.737 INFO [main] org.apache.catalina.startup.VersionLoggerListener.log OS Version:            6.1
10-Apr-2017 11:13:15.738 INFO [main] org.apache.catalina.startup.VersionLoggerListener.log Architecture:          amd64
10-Apr-2017 11:13:15.738 INFO [main] org.apache.catalina.startup.VersionLoggerListener.log Java Home:             c:\Program Files\Java\jdk1.8.0_121\jre
10-Apr-2017 11:13:15.738 INFO [main] org.apache.catalina.startup.VersionLoggerListener.log JVM Version:           1.8.0_121-b13
10-Apr-2017 11:13:15.739 INFO [main] org.apache.catalina.startup.VersionLoggerListener.log JVM Vendor:            Oracle Corporation
10-Apr-2017 11:13:15.739 INFO [main] org.apache.catalina.startup.VersionLoggerListener.log CATALINA_BASE:         C:\Users\Work\IdeaProjects\BankJDBC\apache-tomcat-8.5.13
10-Apr-2017 11:13:15.740 INFO [main] org.apache.catalina.startup.VersionLoggerListener.log CATALINA_HOME:         C:\Users\Work\IdeaProjects\BankJDBC\apache-tomcat-8.5.13
10-Apr-2017 11:13:15.740 INFO [main] org.apache.catalina.startup.VersionLoggerListener.log Command line argument: -Djava.util.logging.config.file=c:\Users\Work\IdeaProjects\BankJDBC\apache-tomcat-8.5.13\conf\logging.properties
10-Apr-2017 11:13:15.740 INFO [main] org.apache.catalina.startup.VersionLoggerListener.log Command line argument: -Djava.util.logging.manager=org.apache.juli.ClassLoaderLogManager
10-Apr-2017 11:13:15.741 INFO [main] org.apache.catalina.startup.VersionLoggerListener.log Command line argument: -Djdk.tls.ephemeralDHKeySize=2048
10-Apr-2017 11:13:15.742 INFO [main] org.apache.catalina.startup.VersionLoggerListener.log Command line argument: -Djava.protocol.handler.pkgs=org.apache.catalina.webresources
10-Apr-2017 11:13:15.742 INFO [main] org.apache.catalina.startup.VersionLoggerListener.log Command line argument: -Dcatalina.base=c:\Users\Work\IdeaProjects\BankJDBC\apache-tomcat-8.5.13
10-Apr-2017 11:13:15.742 INFO [main] org.apache.catalina.startup.VersionLoggerListener.log Command line argument: -Dcatalina.home=c:\Users\Work\IdeaProjects\BankJDBC\apache-tomcat-8.5.13
10-Apr-2017 11:13:15.743 INFO [main] org.apache.catalina.startup.VersionLoggerListener.log Command line argument: -Djava.io.tmpdir=c:\Users\Work\IdeaProjects\BankJDBC\apache-tomcat-8.5.13\temp
10-Apr-2017 11:13:15.744 INFO [main] org.apache.catalina.core.AprLifecycleListener.lifecycleEvent The APR based Apache Tomcat Native library which allows optimal performance in production environments was not found on the java.library.path: c:\Program Files\Java\jdk1.8.0_121\bin;C:\Windows\Sun\Java\bin;C:\Windows\system32;C:\Windows;C:\ProgramData\Oracle\Java\javapath;C:\Program Files (x86)\Common Files\Microsoft Shared\Windows Live;C:\Program Files (x86)\PC Connectivity Solution\;C:\Windows\system32;C:\Windows;C:\Windows\System32\Wbem;C:\Windows\System32\WindowsPowerShell\v1.0\;C:\Program Files (x86)\QuickTime\QTSystem\;C:\Program Files (x86)\Skype\Phone\;C:\Program Files (x86)\NVIDIA Corporation\PhysX\Common;C:\Program Files\MySQL\MySQL Utilities 1.6\;C:\Program Files\Common Files\Microsoft Shared\Windows Live;.
10-Apr-2017 11:13:16.950 INFO [main] org.apache.coyote.AbstractProtocol.init Initializing ProtocolHandler ["http-nio-8080"]
10-Apr-2017 11:13:17.133 INFO [main] org.apache.tomcat.util.net.NioSelectorPool.getSharedSelector Using a shared selector for servlet write/read
10-Apr-2017 11:13:17.137 INFO [main] org.apache.coyote.AbstractProtocol.init Initializing ProtocolHandler ["ajp-nio-8009"]
10-Apr-2017 11:13:17.141 INFO [main] org.apache.tomcat.util.net.NioSelectorPool.getSharedSelector Using a shared selector for servlet write/read
10-Apr-2017 11:13:17.141 INFO [main] org.apache.catalina.startup.Catalina.load Initialization processed in 2747 ms
10-Apr-2017 11:13:17.227 INFO [main] org.apache.catalina.core.StandardService.startInternal Starting service Catalina
10-Apr-2017 11:13:17.228 INFO [main] org.apache.catalina.core.StandardEngine.startInternal Starting Servlet Engine: Apache Tomcat/8.5.13
10-Apr-2017 11:13:18.431 INFO [main] org.apache.coyote.AbstractProtocol.start Starting ProtocolHandler ["http-nio-8080"]
10-Apr-2017 11:13:18.468 INFO [main] org.apache.coyote.AbstractProtocol.start Starting ProtocolHandler ["ajp-nio-8009"]
10-Apr-2017 11:13:18.474 INFO [main] org.apache.catalina.startup.Catalina.start Server startup in 1331 ms
